2024-03-27T10:57:10.004Z - success: protocol editor-framework registered
2024-03-27T10:57:10.005Z - success: protocol app registered
2024-03-27T10:57:10.005Z - success: protocol theme registered
2024-03-27T10:57:10.005Z - success: protocol packages registered
2024-03-27T10:57:10.014Z - normal: Load ~/.CocosCreator/settings.json
2024-03-27T10:57:10.024Z - success: protocol uuid registerred
2024-03-27T10:57:10.024Z - success: protocol db registerred
2024-03-27T10:57:10.024Z - success: protocol thumbnail registerred
2024-03-27T10:57:10.061Z - normal: Initializing Asset Database
2024-03-27T10:57:10.062Z - normal: checking language setting...
2024-03-27T10:57:10.062Z - normal: Language: zh
2024-03-27T10:57:10.063Z - success: protocol unpack registerred
2024-03-27T10:57:10.063Z - success: protocol disable-commonjs registerred
2024-03-27T10:57:10.204Z - normal: connected!
2024-03-27T10:57:10.274Z - normal: Check project /Users/apple/Desktop/Test
2024-03-27T10:57:10.274Z - normal: Initializing project /Users/apple/Desktop/Test
2024-03-27T10:57:10.365Z - success: adapters loaded
2024-03-27T10:57:10.367Z - success: asset-db-debugger loaded
2024-03-27T10:57:10.397Z - success: fb-audience-network loaded
2024-03-27T10:57:10.414Z - success: fb-live-stream loaded
2024-03-27T10:57:10.416Z - success: google-play-instant loaded
2024-03-27T10:57:10.416Z - success: jsb-adapter loaded
2024-03-27T10:57:10.418Z - success: package-manager loaded
2024-03-27T10:57:10.419Z - success: runtime-adapters loaded
2024-03-27T10:57:10.419Z - success: runtime-dev-tools loaded
2024-03-27T10:57:10.420Z - success: ui-kit-preview-extra loaded
2024-03-27T10:57:10.422Z - success: ui-kit-preview loaded
2024-03-27T10:57:10.777Z - success: alipay-minigame loaded
2024-03-27T10:57:10.781Z - success: assets loaded
2024-03-27T10:57:10.783Z - success: baidugame-opendata loaded
2024-03-27T10:57:10.784Z - success: baidugame loaded
2024-03-27T10:57:10.785Z - success: builder loaded
2024-03-27T10:57:10.787Z - success: bytedance-opendata loaded
2024-03-27T10:57:10.788Z - success: bytedance loaded
2024-03-27T10:57:10.791Z - success: channel-upload-tools loaded
2024-03-27T10:57:10.857Z - success: cloud-function loaded
2024-03-27T10:57:10.950Z - success: cocos-services loaded
2024-03-27T10:57:10.952Z - success: console loaded
2024-03-27T10:57:10.953Z - success: curve-editor loaded
2024-03-27T10:57:10.958Z - success: fb-instant-games loaded
2024-03-27T10:57:10.959Z - success: game-window loaded
2024-03-27T10:57:10.960Z - success: google-instant-games loaded
2024-03-27T10:57:10.962Z - success: hierarchy loaded
2024-03-27T10:57:10.963Z - success: huawei-agc loaded
2024-03-27T10:57:10.965Z - success: huawei-runtime loaded
2024-03-27T10:57:10.967Z - success: inspector loaded
2024-03-27T10:57:10.974Z - success: cpk-publish loaded
2024-03-27T10:57:10.975Z - success: keystore loaded
2024-03-27T10:57:10.983Z - success: link-sure-runtime loaded
2024-03-27T10:57:10.988Z - success: node-library loaded
2024-03-27T10:57:10.989Z - success: open-recent-items loaded
2024-03-27T10:57:10.990Z - success: oppo-runtime loaded
2024-03-27T10:57:10.991Z - success: package-asset loaded
2024-03-27T10:57:10.992Z - success: preferences loaded
2024-03-27T10:57:10.993Z - success: project-importer loaded
2024-03-27T10:57:10.995Z - success: project-settings loaded
2024-03-27T10:57:11.003Z - success: qtt-runtime loaded
2024-03-27T10:57:11.006Z - success: scene loaded
2024-03-27T10:57:11.006Z - success: simulator-debugger loaded
2024-03-27T10:57:11.007Z - success: sprite-editor loaded
2024-03-27T10:57:11.039Z - success: store loaded
2024-03-27T10:57:11.041Z - success: taobao-creativeapp loaded
2024-03-27T10:57:11.043Z - success: timeline loaded
2024-03-27T10:57:11.045Z - success: vivo-runtime loaded
2024-03-27T10:57:11.046Z - success: wechatgame-opendata loaded
2024-03-27T10:57:11.048Z - success: wechatgame loaded
2024-03-27T10:57:11.050Z - success: xiaomi-runtime loaded
2024-03-27T10:57:11.082Z - success: im-plugin loaded
2024-03-27T10:57:11.082Z - success: preview server running at http://localhost:7456
2024-03-27T10:57:11.568Z - normal: Initializing Cocos2d
2024-03-27T10:57:11.715Z - normal: Initializing engine extends
2024-03-27T10:57:11.992Z - info: Cocos Service load base data!
2024-03-27T10:57:14.917Z - normal: Loading packages
2024-03-27T10:57:14.919Z - normal: Run Application
2024-03-27T10:57:16.994Z - success: cloud-function unloaded
